Log file open, 04/14/18 15:32:37
LogWindows: Failed to load 'aqProf.dll' (GetLastError=126)
LogWindows: File 'aqProf.dll' does not exist
LogWindows: Failed to load 'VSPerf140.dll' (GetLastError=126)
LogWindows: File 'VSPerf140.dll' does not exist
LogWindows: Failed to load 'VtuneApi.dll' (GetLastError=126)
LogWindows: File 'VtuneApi.dll' does not exist
LogWindows: Failed to load 'VtuneApi32e.dll' (GetLastError=126)
LogWindows: File 'VtuneApi32e.dll' does not exist
LogInit: Display: Running engine for game: ClaudiaJob
LogPlatformFile: Not using cached read wrapper
LogInit: Display: RandInit(-557565632) SRandInit(-557565632).
LogInit: Read version file with build ID '3709383'
LogInit: Overriding engine version to CL 3832480, compatible CL 3709383
LogInit: Registered custom module enumerator with build ID '3709383'
LogTaskGraph: Started task graph with 5 named threads and 14 total threads with 3 sets of task threads.
LogStats: Stats thread started at 0.180840
LogD3D11RHI: Aftermath initialized
LogModuleManager: Display: Found up-to-date module file ../../../Engine/Plugins/Runtime/SoundVisualizations/Binaries/Win64/UE4Editor-SoundVisualizations.dll (API version 3709383).
LogModuleManager: Display: Found up-to-date module file ../../../Engine/Plugins/2D/Paper2D/Binaries/Win64/UE4Editor-Paper2D.dll (API version 3709383).
LogModuleManager: Display: Found up-to-date module file ../../../Engine/Plugins/2D/Paper2D/Binaries/Win64/UE4Editor-Paper2DEditor.dll (API version 3709383).
LogModuleManager: Display: Found up-to-date module file ../../../Engine/Plugins/2D/Paper2D/Binaries/Win64/UE4Editor-PaperSpriteSheetImporter.dll (API version 3709383).
LogModuleManager: Display: Found up-to-date module file ../../../Engine/Plugins/2D/Paper2D/Binaries/Win64/UE4Editor-PaperTiledImporter.dll (API version 3709383).
LogModuleManager: Display: Found up-to-date module file ../../../Engine/Plugins/2D/Paper2D/Binaries/Win64/UE4Editor-SmartSnapping.dll (API version 3709383).
LogModuleManager: Display: Found up-to-date module file ../../../Engine/Plugins/Blendables/LightPropagationVolume/Binaries/Win64/UE4Editor-LightPropagationVolumeRuntime.dll (API version 3709383).
LogModuleManager: Display: Found up-to-date module file ../../../Engine/Plugins/Blendables/LightPropagationVolume/Binaries/Win64/UE4Editor-LightPropagationVolumeEditor.dll (API version 3709383).
LogModuleManager: Display: Found up-to-date module file ../../../Engine/Plugins/Developer/GitSourceControl/Binaries/Win64/UE4Editor-GitSourceControl.dll (API version 3709383).
LogModuleManager: Display: Found up-to-date module file ../../../Engine/Plugins/Developer/PerforceSourceControl/Binaries/Win64/UE4Editor-PerforceSourceControl.dll (API version 3709383).
LogModuleManager: Display: Found up-to-date module file ../../../Engine/Plugins/Developer/SubversionSourceControl/Binaries/Win64/UE4Editor-SubversionSourceControl.dll (API version 3709383).
LogModuleManager: Display: Found up-to-date module file ../../../Engine/Plugins/Developer/UObjectPlugin/Binaries/Win64/UE4Editor-UObjectPlugin.dll (API version 3709383).
LogModuleManager: Display: Found up-to-date module file ../../../Engine/Plugins/Developer/VisualStudioCodeSourceCodeAccess/Binaries/Win64/UE4Editor-VisualStudioCodeSourceCodeAccess.dll (API version 3709383).
LogModuleManager: Display: Found up-to-date module file ../../../Engine/Plugins/Developer/VisualStudioSourceCodeAccess/Binaries/Win64/UE4Editor-VisualStudioSourceCodeAccess.dll (API version 3709383).
LogModuleManager: Display: Found up-to-date module file ../../../Engine/Plugins/Editor/AssetManagerEditor/Binaries/Win64/UE4Editor-AssetManagerEditor.dll (API version 3709383).
LogModuleManager: Display: Found up-to-date module file ../../../Engine/Plugins/Editor/AudioCapture/Binaries/Win64/UE4Editor-AudioCapture.dll (API version 3709383).
LogModuleManager: Display: Found up-to-date module file ../../../Engine/Plugins/Editor/FacialAnimation/Binaries/Win64/UE4Editor-FacialAnimation.dll (API version 3709383).
LogModuleManager: Display: Found up-to-date module file ../../../Engine/Plugins/Editor/FacialAnimation/Binaries/Win64/UE4Editor-FacialAnimationEditor.dll (API version 3709383).
LogModuleManager: Display: Found up-to-date module file ../../../Engine/Plugins/Editor/GameplayTagsEditor/Binaries/Win64/UE4Editor-GameplayTagsEditor.dll (API version 3709383).
LogModuleManager: Display: Found up-to-date module file ../../../Engine/Plugins/Editor/MobileLauncherProfileWizard/Binaries/Win64/UE4Editor-MobileLauncherProfileWizard.dll (API version 3709383).
LogModuleManager: Display: Found up-to-date module file ../../../Engine/Plugins/Editor/PluginBrowser/Binaries/Win64/UE4Editor-PluginBrowser.dll (API version 3709383).
LogModuleManager: Display: Found up-to-date module file ../../../Engine/Plugins/Editor/SpeedTreeImporter/Binaries/Win64/UE4Editor-SpeedTreeImporter.dll (API version 3709383).
LogModuleManager: Display: Found up-to-date module file ../../../Engine/Plugins/Experimental/AlembicImporter/Binaries/Win64/UE4Editor-AlembicImporter.dll (API version 3709383).
LogModuleManager: Display: Found up-to-date module file ../../../Engine/Plugins/Experimental/AlembicImporter/Binaries/Win64/UE4Editor-AlembicLibrary.dll (API version 3709383).
LogModuleManager: Display: Found up-to-date module file ../../../Engine/Plugins/Experimental/CharacterAI/Binaries/Win64/UE4Editor-CharacterAI.dll (API version 3709383).
LogModuleManager: Display: Found up-to-date module file ../../../Engine/Plugins/Experimental/HTML5Networking/Binaries/Win64/UE4Editor-HTML5Networking.dll (API version 3709383).
LogModuleManager: Display: Found up-to-date module file ../../../Engine/Plugins/Media/AndroidMedia/Binaries/Win64/UE4Editor-AndroidMediaEditor.dll (API version 3709383).
LogModuleManager: Display: Found up-to-date module file ../../../Engine/Plugins/Media/AndroidMedia/Binaries/Win64/UE4Editor-AndroidMediaFactory.dll (API version 3709383).
LogModuleManager: Display: Found up-to-date module file ../../../Engine/Plugins/Media/AvfMedia/Binaries/Win64/UE4Editor-AvfMediaEditor.dll (API version 3709383).
LogModuleManager: Display: Found up-to-date module file ../../../Engine/Plugins/Media/AvfMedia/Binaries/Win64/UE4Editor-AvfMediaFactory.dll (API version 3709383).
LogModuleManager: Display: Found up-to-date module file ../../../Engine/Plugins/Media/AvfMedia/Binaries/Win64/UE4Editor-AvfMediaFactory.dll (API version 3709383).
LogModuleManager: Display: Found up-to-date module file ../../../Engine/Plugins/Media/ImgMedia/Binaries/Win64/UE4Editor-ImgMedia.dll (API version 3709383).
LogModuleManager: Display: Found up-to-date module file ../../../Engine/Plugins/Media/ImgMedia/Binaries/Win64/UE4Editor-ImgMediaEditor.dll (API version 3709383).
LogModuleManager: Display: Found up-to-date module file ../../../Engine/Plugins/Media/ImgMedia/Binaries/Win64/UE4Editor-ImgMediaFactory.dll (API version 3709383).
LogModuleManager: Display: Found up-to-date module file ../../../Engine/Plugins/Media/ImgMedia/Binaries/Win64/UE4Editor-ImgMediaFactory.dll (API version 3709383).
LogModuleManager: Display: Found up-to-date module file ../../../Engine/Plugins/Media/ImgMedia/Binaries/Win64/UE4Editor-OpenExrWrapper.dll (API version 3709383).
LogModuleManager: Display: Found up-to-date module file ../../../Engine/Plugins/Media/MediaCompositing/Binaries/Win64/UE4Editor-MediaCompositing.dll (API version 3709383).
LogModuleManager: Display: Found up-to-date module file ../../../Engine/Plugins/Media/MediaCompositing/Binaries/Win64/UE4Editor-MediaCompositingEditor.dll (API version 3709383).
LogModuleManager: Display: Found up-to-date module file ../../../Engine/Plugins/Media/MediaPlayerEditor/Binaries/Win64/UE4Editor-MediaPlayerEditor.dll (API version 3709383).
LogModuleManager: Display: Found up-to-date module file ../../../Engine/Plugins/Media/WmfMedia/Binaries/Win64/UE4Editor-WmfMedia.dll (API version 3709383).
LogModuleManager: Display: Found up-to-date module file ../../../Engine/Plugins/Media/WmfMedia/Binaries/Win64/UE4Editor-WmfMediaEditor.dll (API version 3709383).
LogModuleManager: Display: Found up-to-date module file ../../../Engine/Plugins/Media/WmfMedia/Binaries/Win64/UE4Editor-WmfMediaFactory.dll (API version 3709383).
LogModuleManager: Display: Found up-to-date module file ../../../Engine/Plugins/Media/WmfMedia/Binaries/Win64/UE4Editor-WmfMediaFactory.dll (API version 3709383).
LogModuleManager: Display: Found up-to-date module file ../../../Engine/Plugins/Messaging/TcpMessaging/Binaries/Win64/UE4Editor-TcpMessaging.dll (API version 3709383).
LogModuleManager: Display: Found up-to-date module file ../../../Engine/Plugins/Messaging/UdpMessaging/Binaries/Win64/UE4Editor-UdpMessaging.dll (API version 3709383).
LogModuleManager: Display: Found up-to-date module file ../../../Engine/Plugins/MovieScene/ActorSequence/Binaries/Win64/UE4Editor-ActorSequence.dll (API version 3709383).
LogModuleManager: Display: Found up-to-date module file ../../../Engine/Plugins/MovieScene/LevelSequenceEditor/Binaries/Win64/UE4Editor-LevelSequenceEditor.dll (API version 3709383).
LogModuleManager: Display: Found up-to-date module file ../../../Engine/Plugins/MovieScene/MatineeToLevelSequence/Binaries/Win64/UE4Editor-MatineeToLevelSequence.dll (API version 3709383).
LogModuleManager: Display: Found up-to-date module file ../../../Engine/Plugins/Online/OnlineSubsystem/Binaries/Win64/UE4Editor-OnlineSubsystem.dll (API version 3709383).
LogModuleManager: Display: Found up-to-date module file ../../../Engine/Plugins/Runtime/AndroidPermission/Binaries/Win64/UE4Editor-AndroidPermission.dll (API version 3709383).
LogModuleManager: Display: Found up-to-date module file ../../../Engine/Plugins/Online/OnlineSubsystemNull/Binaries/Win64/UE4Editor-OnlineSubsystemNull.dll (API version 3709383).
LogModuleManager: Display: Found up-to-date module file ../../../Engine/Plugins/Online/OnlineSubsystemUtils/Binaries/Win64/UE4Editor-OnlineSubsystemUtils.dll (API version 3709383).
LogModuleManager: Display: Found up-to-date module file ../../../Engine/Plugins/Online/OnlineSubsystemUtils/Binaries/Win64/UE4Editor-OnlineBlueprintSupport.dll (API version 3709383).
LogModuleManager: Display: Found up-to-date module file ../../../Engine/Plugins/Runtime/AndroidDeviceProfileSelector/Binaries/Win64/UE4Editor-AndroidDeviceProfileSelector.dll (API version 3709383).
LogModuleManager: Display: Found up-to-date module file ../../../Engine/Plugins/Runtime/AppleARKit/Binaries/Win64/UE4Editor-AppleARKit.dll (API version 3709383).
LogModuleManager: Display: Found up-to-date module file ../../../Engine/Plugins/Runtime/ArchVisCharacter/Binaries/Win64/UE4Editor-ArchVisCharacter.dll (API version 3709383).
LogModuleManager: Display: Found up-to-date module file ../../../Engine/Plugins/Runtime/CableComponent/Binaries/Win64/UE4Editor-CableComponent.dll (API version 3709383).
LogModuleManager: Display: Found up-to-date module file ../../../Engine/Plugins/Runtime/CustomMeshComponent/Binaries/Win64/UE4Editor-CustomMeshComponent.dll (API version 3709383).
LogModuleManager: Display: Found up-to-date module file ../../../Engine/Plugins/Runtime/ExampleDeviceProfileSelector/Binaries/Win64/UE4Editor-ExampleDeviceProfileSelector.dll (API version 3709383).
LogModuleManager: Display: Found up-to-date module file ../../../Engine/Plugins/Runtime/FMODStudio/Binaries/Win64/UE4Editor-FMODStudio.dll (API version 3709383).
LogModuleManager: Display: Found up-to-date module file ../../../Engine/Plugins/Runtime/FMODStudio/Binaries/Win64/UE4Editor-FMODStudioEditor.dll (API version 3709383).
LogModuleManager: Display: Found up-to-date module file ../../../Engine/Plugins/Runtime/ImmediatePhysics/Binaries/Win64/UE4Editor-ImmediatePhysics.dll (API version 3709383).
LogModuleManager: Display: Found up-to-date module file ../../../Engine/Plugins/Runtime/ImmediatePhysics/Binaries/Win64/UE4Editor-ImmediatePhysicsEditor.dll (API version 3709383).
LogModuleManager: Display: Found up-to-date module file ../../../Engine/Plugins/Runtime/LocationServicesBPLibrary/Binaries/Win64/UE4Editor-LocationServicesBPLibrary.dll (API version 3709383).
LogModuleManager: Display: Found up-to-date module file ../../../Engine/Plugins/Runtime/MobilePatchingUtils/Binaries/Win64/UE4Editor-MobilePatchingUtils.dll (API version 3709383).
LogModuleManager: Display: Found up-to-date module file ../../../Engine/Plugins/Runtime/Oculus/OculusVR/Binaries/Win64/UE4Editor-OculusHMD.dll (API version 3709383).
LogModuleManager: Display: Found up-to-date module file ../../../Engine/Plugins/Runtime/Oculus/OculusVR/Binaries/Win64/UE4Editor-OculusInput.dll (API version 3709383).
LogModuleManager: Display: Found up-to-date module file ../../../Engine/Plugins/Runtime/Oculus/OculusVR/Binaries/Win64/UE4Editor-OculusEditor.dll (API version 3709383).
LogModuleManager: Display: Found up-to-date module file ../../../Engine/Plugins/Runtime/PhysXVehicles/Binaries/Win64/UE4Editor-PhysXVehicles.dll (API version 3709383).
LogModuleManager: Display: Found up-to-date module file ../../../Engine/Plugins/Runtime/PhysXVehicles/Binaries/Win64/UE4Editor-PhysXVehiclesEditor.dll (API version 3709383).
LogModuleManager: Display: Found up-to-date module file ../../../Engine/Plugins/Runtime/ProceduralMeshComponent/Binaries/Win64/UE4Editor-ProceduralMeshComponent.dll (API version 3709383).
LogModuleManager: Display: Found up-to-date module file ../../../Engine/Plugins/Runtime/ProceduralMeshComponent/Binaries/Win64/UE4Editor-ProceduralMeshComponentEditor.dll (API version 3709383).
LogModuleManager: Display: Found up-to-date module file ../../../Engine/Plugins/Runtime/RuntimePhysXCooking/Binaries/Win64/UE4Editor-RuntimePhysXCooking.dll (API version 3709383).
LogModuleManager: Display: Found up-to-date module file ../../../Engine/Plugins/Runtime/Steam/SteamVR/Binaries/Win64/UE4Editor-SteamVR.dll (API version 3709383).
LogModuleManager: Display: Found up-to-date module file ../../../Engine/Plugins/Runtime/Steam/SteamVR/Binaries/Win64/UE4Editor-SteamVRController.dll (API version 3709383).
LogModuleManager: Display: Found up-to-date module file ../../../Engine/Plugins/Runtime/WindowsMoviePlayer/Binaries/Win64/UE4Editor-WindowsMoviePlayer.dll (API version 3709383).
LogPluginManager: Mounting plugin Paper2D
LogPluginManager: Mounting plugin LightPropagationVolume
LogPluginManager: Mounting plugin CodeLiteSourceCodeAccess
LogPluginManager: Mounting plugin GitSourceControl
LogPluginManager: Mounting plugin KDevelopSourceCodeAccess
LogPluginManager: Mounting plugin NullSourceCodeAccess
LogPluginManager: Mounting plugin PerforceSourceControl
LogPluginManager: Mounting plugin SubversionSourceControl
LogPluginManager: Mounting plugin UObjectPlugin
LogPluginManager: Mounting plugin VisualStudioCodeSourceCodeAccess
LogPluginManager: Mounting plugin VisualStudioSourceCodeAccess
LogPluginManager: Mounting plugin XCodeSourceCodeAccess
LogPluginManager: Mounting plugin AssetManagerEditor
LogPluginManager: Mounting plugin AudioCapture
LogPluginManager: Mounting plugin FacialAnimation
LogPluginManager: Mounting plugin GameplayTagsEditor
LogPluginManager: Mounting plugin MobileLauncherProfileWizard
LogPluginManager: Mounting plugin PluginBrowser
LogPluginManager: Mounting plugin SpeedTreeImporter
LogPluginManager: Mounting plugin AlembicImporter
LogPluginManager: Mounting plugin CharacterAI
LogPluginManager: Mounting plugin HTML5Networking
LogPluginManager: Mounting plugin AndroidMedia
LogPluginManager: Mounting plugin AvfMedia
LogPluginManager: Mounting plugin ImgMedia
LogPluginManager: Mounting plugin MediaCompositing
LogPluginManager: Mounting plugin MediaPlayerEditor
LogPluginManager: Mounting plugin WmfMedia
LogPluginManager: Mounting plugin TcpMessaging
LogPluginManager: Mounting plugin UdpMessaging
LogPluginManager: Mounting plugin ActorSequence
LogPluginManager: Mounting plugin LevelSequenceEditor
LogPluginManager: Mounting plugin MatineeToLevelSequence
LogPluginManager: Mounting plugin OnlineSubsystemGooglePlay
LogPluginManager: Mounting plugin OnlineSubsystemIOS
LogPluginManager: Mounting plugin OnlineSubsystem
LogPluginManager: Mounting plugin OnlineSubsystemNull
LogPluginManager: Mounting plugin OnlineSubsystemUtils
LogPluginManager: Mounting plugin AndroidDeviceProfileSelector
LogPluginManager: Mounting plugin AndroidMoviePlayer
LogPluginManager: Mounting plugin AndroidPermission
LogPluginManager: Mounting plugin AppleARKit
LogPluginManager: Mounting plugin AppleMoviePlayer
LogPluginManager: Mounting plugin ArchVisCharacter
LogPluginManager: Mounting plugin CableComponent
LogPluginManager: Mounting plugin CustomMeshComponent
LogPluginManager: Mounting plugin ExampleDeviceProfileSelector
LogPluginManager: Mounting plugin FMODStudio
LogPluginManager: Mounting plugin GoogleCloudMessaging
LogPluginManager: Mounting plugin ImmediatePhysics
LogPluginManager: Mounting plugin IOSDeviceProfileSelector
LogPluginManager: Mounting plugin LinuxDeviceProfileSelector
LogPluginManager: Mounting plugin LocationServicesBPLibrary
LogPluginManager: Mounting plugin MobilePatchingUtils
LogPluginManager: Mounting plugin OculusVR
LogPluginManager: Plugin shader directory ../../../Engine/Plugins/Runtime/Oculus/OculusVR/Shaders found
LogPluginManager: Mapping shader source directory ../../../Engine/Plugins/Runtime/Oculus/OculusVR/Shaders to virtual directory /Plugin/OculusVR
LogPluginManager: Mounting plugin PhysXVehicles
LogPluginManager: Mounting plugin ProceduralMeshComponent
LogPluginManager: Mounting plugin RuntimePhysXCooking
LogPluginManager: Mounting plugin SoundVisualizations
LogPluginManager: Mounting plugin SteamVR
LogPluginManager: Mounting plugin WindowsMoviePlayer
LogInit: Using libcurl 7.47.1
LogInit:  - built for x86_64-pc-win32
LogInit:  - supports SSL with OpenSSL/1.0.2g
LogInit:  - supports HTTP deflate (compression) using libz 1.2.8
LogInit:  - other features:
LogInit:      CURL_VERSION_SSL
LogInit:      CURL_VERSION_LIBZ
LogInit:      CURL_VERSION_IPV6
LogInit:      CURL_VERSION_ASYNCHDNS
LogInit:      CURL_VERSION_LARGEFILE
LogInit:      CURL_VERSION_IDN
LogInit:  CurlRequestOptions (configurable via config and command line):
LogInit:  - bVerifyPeer = false  - Libcurl will NOT verify peer certificate
LogInit:  - bUseHttpProxy = false  - Libcurl will NOT use HTTP proxy
LogInit:  - bDontReuseConnections = false  - Libcurl will reuse connections
LogInit:  - CertBundlePath = nullptr  - Libcurl will use whatever was configured at build time.
LogInit: Build: ++UE4+Release-4.18-CL-3832480
LogInit: Engine Version: 4.18.3-3832480+++UE4+Release-4.18
LogInit: Compatible Engine Version: 4.18.0-3709383+++UE4+Release-4.18
LogInit: Net CL: 3709383
LogDevObjectVersion: Number of dev versions registered: 16
LogDevObjectVersion:   Dev-Blueprints (B0D832E4-1F89-4F0D-ACCF-7EB736FD4AA2): 10
LogDevObjectVersion:   Dev-Build (E1C64328-A22C-4D53-A36C-8E866417BD8C): 0
LogDevObjectVersion:   Dev-Core (375EC13C-06E4-48FB-B500-84F0262A717E): 2
LogDevObjectVersion:   Dev-Editor (E4B068ED-F494-42E9-A231-DA0B2E46BB41): 20
LogDevObjectVersion:   Dev-Framework (CFFC743F-43B0-4480-9391-14DF171D2073): 30
LogDevObjectVersion:   Dev-Mobile (B02B49B5-BB20-44E9-A304-32B752E40360): 0
LogDevObjectVersion:   Dev-Networking (A4E4105C-59A1-49B5-A7C5-40C4547EDFEE): 0
LogDevObjectVersion:   Dev-Online (39C831C9-5AE6-47DC-9A44-9C173E1C8E7C): 0
LogDevObjectVersion:   Dev-Physics (78F01B33-EBEA-4F98-B9B4-84EACCB95AA2): 0
LogDevObjectVersion:   Dev-Platform (6631380F-2D4D-43E0-8009-CF276956A95A): 0
LogDevObjectVersion:   Dev-Rendering (12F88B9F-8875-4AFC-A67C-D90C383ABD29): 20
LogDevObjectVersion:   Dev-Sequencer (7B5AE74C-D270-4C10-A958-57980B212A5A): 4
LogDevObjectVersion:   Dev-VR (D7296918-1DD6-4BDD-9DE2-64A83CC13884): 0
LogDevObjectVersion:   Dev-LoadTimes (C2A15278-BFE7-4AFE-6C17-90FF531DF755): 1
LogDevObjectVersion:   Private-Geometry (6EACA3D4-40EC-4CC1-B786-8BED09428FC5): 1
LogDevObjectVersion:   Dev-AnimPhys (29E575DD-E0A3-4627-9D10-D276232CDCEA): 12
LogInit: Compiled (64-bit): Jan 12 2018 02:04:55
LogInit: Compiled with Visual C++: 19.00.24215.01
LogInit: Build Configuration: Development
LogInit: Branch Name: ++UE4+Release-4.18
LogInit: Command line: 
LogInit: Base directory: C:/Epic Games/UE_4.18/Engine/Binaries/Win64/
LogInit: Installed Engine Build: 1
LogInit: Presizing for max 8388607 objects, including 0 objects not considered by GC, pre-allocating 0 bytes for permanent pool.
LogInit: Object subsystem initialized
[2018.04.14-22.32.38:881][  0]LogInit: Selected Device Profile: [Windows]
[2018.04.14-22.32.38:881][  0]LogInit: Applying CVar settings loaded from the selected device profile: [Windows]
[2018.04.14-22.32.38:908][  0]LogInit: Computer: LAPTOP-PLBLP26D
[2018.04.14-22.32.38:908][  0]LogInit: User: Zowchi
[2018.04.14-22.32.38:908][  0]LogInit: CPU Page size=4096, Cores=4
[2018.04.14-22.32.38:908][  0]LogInit: High frequency timer resolution =2.742190 MHz
[2018.04.14-22.32.38:909][  0]LogMemory: Memory total: Physical=15.9GB (16GB approx)
[2018.04.14-22.32.38:909][  0]LogMemory: Platform Memory Stats for Windows
[2018.04.14-22.32.38:909][  0]LogMemory: Process Physical Memory: 272.60 MB used, 272.60 MB peak
[2018.04.14-22.32.38:909][  0]LogMemory: Process Virtual Memory: 270.16 MB used, 270.16 MB peak
[2018.04.14-22.32.38:909][  0]LogMemory: Physical Memory: 9428.13 MB used,  6839.47 MB free, 16267.60 MB total
[2018.04.14-22.32.38:909][  0]LogMemory: Virtual Memory: 677.67 MB used,  6839.47 MB free, 134217728.00 MB total
[2018.04.14-22.32.39:093][  0]LogInit: Using OS detected language (en-US).
[2018.04.14-22.32.39:093][  0]LogInit: Using OS detected locale (en-US).
[2018.04.14-22.32.39:096][  0]LogTextLocalizationManager: No specific localization for 'en-US' exists, so the 'en' localization will be used.
[2018.04.14-22.32.39:550][  0]LogInit: Setting process to per monitor DPI aware
[2018.04.14-22.32.41:864][  0]LogD3D11RHI: D3D11 adapters:
[2018.04.14-22.32.41:905][  0]LogD3D11RHI:    0. 'NVIDIA GeForce GTX 1060' (Feature Level 11_0)
[2018.04.14-22.32.41:905][  0]LogD3D11RHI:       6052/0/8133 MB DedicatedVideo/DedicatedSystem/SharedSystem, Outputs:2, VendorId:0x10de
[2018.04.14-22.32.41:913][  0]LogD3D11RHI:    1. 'Intel(R) HD Graphics 630' (Feature Level 11_0)
[2018.04.14-22.32.41:913][  0]LogD3D11RHI:       128/0/8133 MB DedicatedVideo/DedicatedSystem/SharedSystem, Outputs:0, VendorId:0x8086
[2018.04.14-22.32.41:915][  0]LogD3D11RHI:    2. 'Microsoft Basic Render Driver' (Feature Level 11_0)
[2018.04.14-22.32.41:915][  0]LogD3D11RHI:       0/0/8133 MB DedicatedVideo/DedicatedSystem/SharedSystem, Outputs:0, VendorId:0x1414
[2018.04.14-22.32.41:915][  0]LogD3D11RHI: Chosen D3D11 Adapter: 0
[2018.04.14-22.32.41:923][  0]LogD3D11RHI: Creating new Direct3DDevice
[2018.04.14-22.32.41:923][  0]LogD3D11RHI:     GPU DeviceId: 0x1c20 (for the marketing name, search the web for "GPU Device Id")
[2018.04.14-22.32.41:923][  0]LogWindows: EnumDisplayDevices:
[2018.04.14-22.32.41:923][  0]LogWindows:    0. 'Intel(R) HD Graphics 630' (P:1 D:1)
[2018.04.14-22.32.41:924][  0]LogWindows:    1. 'Intel(R) HD Graphics 630' (P:0 D:0)
[2018.04.14-22.32.41:924][  0]LogWindows:    2. 'Intel(R) HD Graphics 630' (P:0 D:0)
[2018.04.14-22.32.41:924][  0]LogWindows:    3. 'NVIDIA GeForce GTX 1060' (P:0 D:1)
[2018.04.14-22.32.41:924][  0]LogWindows: DebugString: GetVideoDriverDetailsInvalid PrimaryIsNotTheChoosenAdapter GetVideoDriverDetailsInvalid PrimaryIsNotTheChoosenAdapter GetVideoDriverDetailsInvalid PrimaryIsNotTheChoosenAdapter GetVideoDriverDetailsInvalid PrimaryIsNotTheChoosenAdapter FoundDriverCount:0 
[2018.04.14-22.32.41:924][  0]LogD3D11RHI:     Adapter Name: NVIDIA GeForce GTX 1060
[2018.04.14-22.32.41:924][  0]LogD3D11RHI:   Driver Version: Unknown (internal:Unknown, unified:Unknown)
[2018.04.14-22.32.41:924][  0]LogD3D11RHI:      Driver Date: Unknown
[2018.04.14-22.32.41:924][  0]LogRHI: Texture pool is 4236 MB (70% of 6052 MB)
[2018.04.14-22.32.41:950][  0]LogD3D11RHI: Async texture creation enabled
[2018.04.14-22.32.41:967][  0]LogD3D11RHI: GPU Timing Frequency: 1000.000000 (Debug: 2 2)
[2018.04.14-22.32.41:969][  0]LogShaderCompilers: Guid format shader working directory is 14 characters bigger than the processId version (../../../../../Unreal/ClaudiaJob/Intermediate/Shaders/WorkingDirectory/16832/).
[2018.04.14-22.32.41:969][  0]LogShaderCompilers: Cleaned the shader compiler working directory 'C:/Users/Zowchi/AppData/Local/Temp/UnrealShaderWorkingDir/2CC5475346526D1A16C1518DBEB5C6E4/'.
[2018.04.14-22.32.41:969][  0]LogShaderCompilers: Display: Using Local Shader Compiler.
[2018.04.14-22.32.43:871][  0]LogTemp: Display: Loaded TP AllDesktopTargetPlatform
[2018.04.14-22.32.43:929][  0]LogTemp: Display: Loaded TP MacClientTargetPlatform
[2018.04.14-22.32.43:986][  0]LogTemp: Display: Loaded TP MacNoEditorTargetPlatform
[2018.04.14-22.32.44:046][  0]LogTemp: Display: Loaded TP MacServerTargetPlatform
[2018.04.14-22.32.44:107][  0]LogTemp: Display: Loaded TP MacTargetPlatform
[2018.04.14-22.32.44:165][  0]LogTemp: Display: Loaded TP WindowsClientTargetPlatform
[2018.04.14-22.32.44:224][  0]LogTemp: Display: Loaded TP WindowsNoEditorTargetPlatform
[2018.04.14-22.32.44:281][  0]LogTemp: Display: Loaded TP WindowsServerTargetPlatform
[2018.04.14-22.32.44:332][  0]LogTemp: Display: Loaded TP WindowsTargetPlatform
[2018.04.14-22.32.44:392][  0]LogTemp: Display: Loaded TP Android_ASTCTargetPlatform
[2018.04.14-22.32.44:450][  0]LogTemp: Display: Loaded TP Android_ATCTargetPlatform
[2018.04.14-22.32.44:506][  0]LogTemp: Display: Loaded TP Android_DXTTargetPlatform
[2018.04.14-22.32.44:563][  0]LogTemp: Display: Loaded TP Android_ETC1TargetPlatform
[2018.04.14-22.32.44:621][  0]LogTemp: Display: Loaded TP Android_ETC2TargetPlatform
[2018.04.14-22.32.44:733][  0]LogTemp: Display: Loaded TP Android_MultiTargetPlatform
[2018.04.14-22.32.44:733][  0]LogTemp: Display: Loaded TP Android_PVRTCTargetPlatform
[2018.04.14-22.32.44:796][  0]LogTemp: Display: Loaded TP AndroidTargetPlatform
[2018.04.14-22.32.44:843][  0]LogTemp: Display: Loaded TP HTML5TargetPlatform
[2018.04.14-22.32.44:946][  0]LogTemp: Display: Loaded TP IOSTargetPlatform
[2018.04.14-22.32.44:977][  0]LogTemp: Display: Loaded TP TVOSTargetPlatform
[2018.04.14-22.32.45:034][  0]LogTemp: Display: Loaded TP LinuxClientTargetPlatform
[2018.04.14-22.32.45:090][  0]LogTemp: Display: Loaded TP LinuxNoEditorTargetPlatform
[2018.04.14-22.32.45:146][  0]LogTemp: Display: Loaded TP LinuxServerTargetPlatform
[2018.04.14-22.32.45:208][  0]LogTemp: Display: Loaded TP LinuxTargetPlatform
[2018.04.14-22.32.45:209][  0]LogTargetPlatformManager: Display: Building Assets For Windows
[2018.04.14-22.32.45:747][  0]LogDerivedDataCache: Display: Max Cache Size: 512 MB
[2018.04.14-22.32.45:818][  0]LogDerivedDataCache: Loaded boot cache 0.07s 78MB C:/Users/Zowchi/AppData/Local/UnrealEngine/4.18/DerivedDataCache/Boot.ddc.
[2018.04.14-22.32.45:818][  0]LogDerivedDataCache: Display: Loaded Boot cache: C:/Users/Zowchi/AppData/Local/UnrealEngine/4.18/DerivedDataCache/Boot.ddc
[2018.04.14-22.32.45:818][  0]LogDerivedDataCache: FDerivedDataBackendGraph:  Pak pak cache file ../../../../../Unreal/ClaudiaJob/DerivedDataCache/DDC.ddp not found, will not use a pak cache.
[2018.04.14-22.32.45:818][  0]LogDerivedDataCache: Unable to find inner node Pak for hierarchical cache Hierarchy.
[2018.04.14-22.32.45:818][  0]LogDerivedDataCache: FDerivedDataBackendGraph:  CompressedPak pak cache file ../../../../../Unreal/ClaudiaJob/DerivedDataCache/Compressed.ddp not found, will not use a pak cache.
[2018.04.14-22.32.45:818][  0]LogDerivedDataCache: Unable to find inner node CompressedPak for hierarchical cache Hierarchy.
[2018.04.14-22.32.45:840][  0]LogDerivedDataCache: Display: Pak cache opened for reading ../../../Engine/DerivedDataCache/Compressed.ddp.
[2018.04.14-22.32.45:851][  0]LogDerivedDataCache: Using Local data cache path C:/Users/Zowchi/AppData/Local/UnrealEngine/Common/DerivedDataCache: Writable
[2018.04.14-22.32.45:862][  0]LogMaterial: Verifying Global Shaders for PCD3D_SM5
[2018.04.14-22.32.45:862][  0]LogSlate: Using Freetype 2.6.0
[2018.04.14-22.32.45:876][  0]LogSlate: SlateFontCache - WITH_FREETYPE: 1, WITH_HARFBUZZ: 1
[2018.04.14-22.32.45:876][  0]LogSlate: SlateFontCache - WITH_FREETYPE: 1, WITH_HARFBUZZ: 1
[2018.04.14-22.32.46:384][  0]LogInit: Selected Device Profile: [Windows]
[2018.04.14-22.32.46:752][  0]LogSimplygon: Simplygon DLL not present - disabling.
[2018.04.14-22.32.46:800][  0]LogMeshReduction: Using SimplygonSwarm for distributed automatic mesh merging
[2018.04.14-22.32.46:800][  0]LogMeshReduction: Using QuadricMeshReduction for automatic static mesh reduction
[2018.04.14-22.32.46:800][  0]LogMeshReduction: No automatic skeletal mesh reduction module available
[2018.04.14-22.32.46:800][  0]LogMeshReduction: No automatic mesh merging module available
[2018.04.14-22.32.46:800][  0]LogMeshMerging: No automatic mesh merging module available
[2018.04.14-22.32.46:833][  0]LogNetVersion: ClaudiaJob , NetCL: 3709383, EngineNetVer: 2, GameNetVer: 0 (Checksum: 1314660921)
[2018.04.14-22.32.47:013][  0]LogAssetRegistry: FAssetRegistry took 0.0251 seconds to start up
[2018.04.14-22.32.47:592][  0]LogPackageLocalizationCache: Processed 8 localized package path(s) for 2 prioritized culture(s) in 0.078898 seconds
[2018.04.14-22.32.47:597][  0]LogUObjectArray: 35870 objects as part of root set at end of initial load.
[2018.04.14-22.32.47:597][  0]LogUObjectAllocator: 7363704 out of 0 bytes used by permanent object pool.
[2018.04.14-22.32.47:597][  0]LogUObjectArray: CloseDisregardForGC: 0/0 objects in disregard for GC pool
[2018.04.14-22.32.47:661][  0]LogInit: WinSock: version 1.1 (2.2), MaxSocks=32767, MaxUdp=65467
[2018.04.14-22.32.52:304][  0]LogTcpMessaging: Initializing TcpMessaging bridge
[2018.04.14-22.32.52:352][  0]LogUdpMessaging: Initializing bridge on interface 0.0.0.0:0 to multicast group 230.0.0.1:6666.
[2018.04.14-22.32.52:472][  0]LogFMOD: FFMODStudioModule startup
[2018.04.14-22.32.52:472][  0]LogFMOD:  Lib path = '../../../Engine/Plugins/Runtime/FMODStudio/Binaries'
[2018.04.14-22.32.52:472][  0]LogFMOD: FFMODStudioModule::LoadDll: Loading ../../../Engine/Plugins/Runtime/FMODStudio/Binaries/Win64/fmodL64.dll
[2018.04.14-22.32.52:478][  0]LogFMOD: FFMODStudioModule::LoadDll: Loading ../../../Engine/Plugins/Runtime/FMODStudio/Binaries/Win64/fmodstudioL64.dll
[2018.04.14-22.32.52:510][  0]LogFMOD: Loading strings bank: ../../../../../Unreal/ClaudiaJob/Content/FMOD/Desktop/Master Bank.strings.bank
[2018.04.14-22.32.52:512][  0]LogFMOD: Error: f:\jk\workspace\1.10_UE4.18_Win64\studio_api\src\fmod_bankmodel.cpp(163) - Failed to open file '../../../../../Unreal/ClaudiaJob/Content/FMOD/Desktop/Master Bank.strings.bank'

[2018.04.14-22.32.52:512][  0]LogFMOD: Warning: Failed to load strings bank: ../../../../../Unreal/ClaudiaJob/Content/FMOD/Desktop/Master Bank.strings.bank
[2018.04.14-22.32.52:514][  0]LogFMOD: Default sample rate = 48000
[2018.04.14-22.32.52:514][  0]LogFMOD: System sample rate = 48000
[2018.04.14-22.32.52:514][  0]LogFMOD: Matching system sample rate 48000
[2018.04.14-22.32.52:523][  0]LogFMOD: Default sample rate = 48000
[2018.04.14-22.32.52:523][  0]LogFMOD: System sample rate = 48000
[2018.04.14-22.32.52:523][  0]LogFMOD: Matching system sample rate 48000
[2018.04.14-22.32.53:271][  0]LogMaterial: Uniform references updated for custom material expression Custom.
[2018.04.14-22.32.53:757][  0]SourceControl: Source control is disabled
[2018.04.14-22.32.53:757][  0]SourceControl: Source control is disabled
[2018.04.14-22.32.53:818][  0]SourceControl: Source control is disabled
[2018.04.14-22.32.53:882][  0]SourceControl: Source control is disabled
[2018.04.14-22.32.54:843][  0]LogAndroidPermission: UAndroidPermissionCallbackProxy::GetInstance
[2018.04.14-22.32.55:090][  0]LogFMOD: FFMODStudioEditorModule startup
[2018.04.14-22.32.55:238][  0]LogOcInput: OculusInput pre-init called
[2018.04.14-22.32.55:640][  0]LogEngine: Initializing Engine...
[2018.04.14-22.32.55:642][  0]LogHMD: Failed to initialize OpenVR with code 110
[2018.04.14-22.32.55:847][  0]LogStats: UGameplayTagsManager::ConstructGameplayTagTree: Construct from data asset -  0.000 s
[2018.04.14-22.32.55:847][  0]LogStats: UGameplayTagsManager::ConstructGameplayTagTree: GameplayTagTreeChangedEvent.Broadcast -  0.000 s
[2018.04.14-22.32.56:006][  0]LogAIModule: Creating AISystem for world Untitled
[2018.04.14-22.32.56:011][  0]LogInit: XAudio2 using 'Speakers (2- High Definition Audio Device)' : 2 channels at 48 kHz using 16 bits per sample (channel mask 0x3)
[2018.04.14-22.32.56:016][  0]LogInit: FAudioDevice initialized.
[2018.04.14-22.32.56:161][  0]LogDerivedDataCache: Saved boot cache 0.14s 78MB C:/Users/Zowchi/AppData/Local/UnrealEngine/4.18/DerivedDataCache/Boot.ddc.
[2018.04.14-22.32.56:175][  0]LogInit: Texture streaming: Enabled
[2018.04.14-22.32.56:287][  0]LogEngineSessionManager: EngineSessionManager initialized
[2018.04.14-22.32.56:444][  0]LogInit: Transaction tracking system initialized
[2018.04.14-22.32.56:806][  0]BlueprintLog: New page: Editor Load
[2018.04.14-22.32.57:832][  0]LocalizationService: Localization service is disabled
[2018.04.14-22.32.58:440][  0]LogLinker: Warning: Can't find file '/Game/RollingBP/RollingOverview'
[2018.04.14-22.32.58:440][  0]LogLinker: Warning: Can't find file '/Game/RollingBP/RollingOverview'
[2018.04.14-22.32.58:440][  0]LogUObjectGlobals: Warning: Failed to find object 'Class /Game/RollingBP/RollingOverview.RollingOverview_C'
[2018.04.14-22.32.58:697][  0]LogConsoleResponse: Display: 
[2018.04.14-22.32.59:033][  0]LogCook: Display: Max memory allowance for cook 16384mb min free memory 0mb
[2018.04.14-22.32.59:033][  0]LogCook: Display: Mobile HDR setting 1
[2018.04.14-22.32.59:033][  0]LogGameplayTags: Display: UGameplayTagsManager::DoneAddingNativeTags. DelegateIsBound: 0
[2018.04.14-22.32.59:796][  0]LogFileCache: Scanning file cache for directory 'C:/Unreal/ClaudiaJob/Content/' took 0.02s
[2018.04.14-22.33.00:437][  0]SourceControl: Source control is disabled
[2018.04.14-22.33.00:437][  0]Cmd: MAP LOAD FILE="../../../../../Unreal/ClaudiaJob/Content/MainLevel.umap" TEMPLATE=0 SHOWPROGRESS=1 FEATURELEVEL=3
[2018.04.14-22.33.00:438][  0]LightingResults: New page: Lighting Build
[2018.04.14-22.33.00:485][  0]MapCheck: New page: Map Check
[2018.04.14-22.33.00:485][  0]LightingResults: New page: Lighting Build
[2018.04.14-22.33.01:152][  0]LogAIModule: Creating AISystem for world MainLevel
[2018.04.14-22.33.01:183][  0]LogEditorServer: Finished looking for orphan Actors (0.000 secs)
[2018.04.14-22.33.01:196][  0]Cmd: MAP CHECKDEP NOCLEARLOG
[2018.04.14-22.33.01:251][  0]MapCheck: Map check complete: 0 Error(s), 0 Warning(s), took 54.5ms to complete.
[2018.04.14-22.33.01:251][  0]LogFileHelpers: Loading map 'MainLevel' took 0.813
[2018.04.14-22.33.01:378][  0]LogCollectionManager: Loaded 0 collections in 0.001557 seconds
[2018.04.14-22.33.01:466][  0]LogFileCache: Scanning file cache for directory 'C:/Unreal/ClaudiaJob/Saved/Collections/' took 0.01s
[2018.04.14-22.33.01:467][  0]LogFileCache: Scanning file cache for directory 'C:/Unreal/ClaudiaJob/Content/Developers/Zowchi/Collections/' took 0.01s
[2018.04.14-22.33.01:467][  0]LogFileCache: Scanning file cache for directory 'C:/Unreal/ClaudiaJob/Content/Collections/' took 0.01s
[2018.04.14-22.33.01:467][  0]LogCollectionManager: Rebuilt the GUID cache for 0 collections in 0.000000 seconds
[2018.04.14-22.33.01:475][  0]LogContentBrowser: Native class hierarchy populated in 0.0081 seconds. Added 2381 classes and 529 folders.
[2018.04.14-22.33.01:559][  0]LogContentBrowser: Native class hierarchy updated for 'WidgetCarousel' in 0.0002 seconds. Added 0 classes and 0 folders.
[2018.04.14-22.33.01:870][  0]LogContentBrowser: Native class hierarchy updated for 'AddContentDialog' in 0.0003 seconds. Added 0 classes and 0 folders.
[2018.04.14-22.33.01:976][  0]LogContentBrowser: Native class hierarchy updated for 'SceneOutliner' in 0.0003 seconds. Added 1 classes and 2 folders.
[2018.04.14-22.33.02:047][  0]LogDirectoryWatcher: Warning: Failed to begin reading directory changes for ../../../../../Unreal/ClaudiaJob/Plugins/. Error: The system cannot find the file specified. (0x00000002)
[2018.04.14-22.33.02:057][  0]LogSlate: Took 0.004562 seconds to synchronously load lazily loaded font '../../../Engine/Content/Slate/Fonts/Roboto-Regular.ttf' (155K)
[2018.04.14-22.33.02:064][  0]LogSlate: Took 0.004211 seconds to synchronously load lazily loaded font '../../../Engine/Content/Slate/Fonts/Roboto-Bold.ttf' (160K)
[2018.04.14-22.33.02:068][  0]LogSlate: Took 0.003529 seconds to synchronously load lazily loaded font '../../../Engine/Content/Editor/Slate/Fonts/FontAwesome.ttf' (139K)
[2018.04.14-22.33.02:080][  0]LogSlate: Took 0.005721 seconds to synchronously load lazily loaded font '../../../Engine/Content/Editor/Slate/Fonts/DroidSansMono.ttf' (77K)
[2018.04.14-22.33.02:151][  0]LogSlate: Took 0.003940 seconds to synchronously load lazily loaded font '../../../Engine/Content/Slate/Fonts/Roboto-Light.ttf' (159K)
[2018.04.14-22.33.02:274][  0]LogRenderer: Reallocating scene render targets to support 1060x772 Format 9 NumSamples 1 (Frame:1).
[2018.04.14-22.33.02:500][  0]LogContentBrowser: Native class hierarchy updated for 'HierarchicalLODOutliner' in 0.0002 seconds. Added 1 classes and 2 folders.
[2018.04.14-22.33.02:500][  0]LogLoad: (Engine Initialization) Total time: 27.09 seconds
[2018.04.14-22.33.02:500][  0]LogLoad: (Engine Initialization) Total Blueprint compile time: 0.00 seconds
[2018.04.14-22.33.02:500][  0]LogExternalProfiler: No external profilers were discovered.  External profiling features will not be available.
[2018.04.14-22.33.02:545][  0]LogContentStreaming: Texture pool size now 800 MB
[2018.04.14-22.33.02:637][  1]LogAssetRegistry: Asset discovery search completed in 15.6452 seconds
[2018.04.14-22.33.02:639][  1]LogCollectionManager: Rebuilt the object cache for 0 collections in 0.000000 seconds (found 0 objects)
[2018.04.14-22.33.02:639][  1]LogCollectionManager: Fixed up redirectors for 0 collections in 0.000155 seconds (updated 0 objects)
[2018.04.14-22.33.03:538][ 50]LogSlate: Took 0.000160 seconds to synchronously load lazily loaded font '../../../Engine/Content/Slate/Fonts/Roboto-Light.ttf' (159K)
[2018.04.14-22.33.17:662][891]LogDirectoryWatcher: A directory notification for '../../../Engine/Plugins/' was aborted.
[2018.04.14-22.33.23:346][115]LogSlate: Took 0.000156 seconds to synchronously load lazily loaded font '../../../Engine/Content/Slate/Fonts/Roboto-Light.ttf' (159K)
[2018.04.14-22.33.24:766][193]Cmd: OBJ SAVEPACKAGE PACKAGE="/Game/MainLevel" FILE="../../../../../Unreal/ClaudiaJob/Content/MainLevel.umap" SILENT=true AUTOSAVING=false KEEPDIRTY=false
[2018.04.14-22.33.25:238][193]LogSavePackage: Save=444.76ms
[2018.04.14-22.33.25:238][193]LogSavePackage: Moving '../../../../../Unreal/ClaudiaJob/Saved/MainLevel1BC7F0274E2E373226FEF5BB37AC419C.tmp' to '../../../../../Unreal/ClaudiaJob/Content/MainLevel.umap'
[2018.04.14-22.33.25:242][193]LogSavePackage: Display: Finished SavePackage ../../../../../Unreal/ClaudiaJob/Content/MainLevel.umap
[2018.04.14-22.33.25:281][193]Cmd: OBJ SAVEPACKAGE PACKAGE="/Game/MainLevel_BuiltData" FILE="../../../../../Unreal/ClaudiaJob/Content/MainLevel_BuiltData.uasset" SILENT=true
[2018.04.14-22.33.25:825][193]LogSavePackage: Save=524.63ms
[2018.04.14-22.33.25:825][193]LogSavePackage: Moving '../../../../../Unreal/ClaudiaJob/Saved/MainLevel_BuiltData539C8D3D4C0607BC7F5850B3081AD680.tmp' to '../../../../../Unreal/ClaudiaJob/Content/MainLevel_BuiltData.uasset'
[2018.04.14-22.33.25:827][193]LogSavePackage: Display: Finished SavePackage ../../../../../Unreal/ClaudiaJob/Content/MainLevel_BuiltData.uasset
[2018.04.14-22.33.32:914][465]LogEditorViewport: Clicking on Actor (context menu): FollowCubeBP_C (FollowCubeBP)
[2018.04.14-22.33.35:625][598]LogContentBrowser: Native class hierarchy updated for 'BlueprintGraph' in 0.0006 seconds. Added 116 classes and 0 folders.
[2018.04.14-22.33.36:352][598]LogSlate: Took 0.004124 seconds to synchronously load lazily loaded font '../../../Engine/Content/Editor/Slate/Fonts/Roboto-BoldCondensed.ttf' (158K)
[2018.04.14-22.33.36:472][599]LogSlate: Took 0.005400 seconds to synchronously load lazily loaded font '../../../Engine/Content/Editor/Slate/Fonts/Roboto-Italic.ttf' (157K)
[2018.04.14-22.34.34:793][908]LogSlate: Took 0.004318 seconds to synchronously load lazily loaded font '../../../Engine/Content/Editor/Slate/Fonts/Roboto-BoldCondensedItalic.ttf' (160K)
[2018.04.14-22.34.48:094][695]BlueprintLog: New page: Compile FollowCubeBP
[2018.04.14-22.34.49:099][724]Cmd: OBJ SAVEPACKAGE PACKAGE="/Game/MainLevel" FILE="../../../../../Unreal/ClaudiaJob/Content/MainLevel.umap" SILENT=true AUTOSAVING=false KEEPDIRTY=false
[2018.04.14-22.34.49:589][724]LogSavePackage: Save=468.91ms
[2018.04.14-22.34.49:589][724]LogSavePackage: Moving '../../../../../Unreal/ClaudiaJob/Saved/MainLevel166B82B64B8CCB34CA77BBBA6628D6BF.tmp' to '../../../../../Unreal/ClaudiaJob/Content/MainLevel.umap'
[2018.04.14-22.34.49:593][724]LogSavePackage: Display: Finished SavePackage ../../../../../Unreal/ClaudiaJob/Content/MainLevel.umap
[2018.04.14-22.34.49:629][724]LogFileHelpers: Saving map 'MainLevel' took 0.594
[2018.04.14-22.34.49:653][724]Cmd: OBJ SAVEPACKAGE PACKAGE="/Game/FollowCubeBP" FILE="../../../../../Unreal/ClaudiaJob/Content/FollowCubeBP.uasset" SILENT=true
[2018.04.14-22.34.49:784][724]LogSavePackage: Save=117.47ms
[2018.04.14-22.34.49:785][724]LogSavePackage: Moving '../../../../../Unreal/ClaudiaJob/Saved/FollowCubeBP9C954ACB4D60AD6D8F35CEBDB90E5EDF.tmp' to '../../../../../Unreal/ClaudiaJob/Content/FollowCubeBP.uasset'
[2018.04.14-22.34.49:787][724]LogSavePackage: Display: Finished SavePackage ../../../../../Unreal/ClaudiaJob/Content/FollowCubeBP.uasset
[2018.04.14-22.35.12:483][ 48]BlueprintLog: New page: Compile FollowCubeBP
[2018.04.14-22.35.13:387][ 67]Cmd: OBJ SAVEPACKAGE PACKAGE="/Game/MainLevel" FILE="../../../../../Unreal/ClaudiaJob/Content/MainLevel.umap" SILENT=true AUTOSAVING=false KEEPDIRTY=false
[2018.04.14-22.35.13:869][ 67]LogSavePackage: Save=458.47ms
[2018.04.14-22.35.13:869][ 67]LogSavePackage: Moving '../../../../../Unreal/ClaudiaJob/Saved/MainLevelDDAFB76A4479CE47D79A7ABA403F0645.tmp' to '../../../../../Unreal/ClaudiaJob/Content/MainLevel.umap'
[2018.04.14-22.35.13:872][ 67]LogSavePackage: Display: Finished SavePackage ../../../../../Unreal/ClaudiaJob/Content/MainLevel.umap
[2018.04.14-22.35.13:907][ 67]LogFileHelpers: Saving map 'MainLevel' took 0.581
[2018.04.14-22.35.13:921][ 67]Cmd: OBJ SAVEPACKAGE PACKAGE="/Game/FollowCubeBP" FILE="../../../../../Unreal/ClaudiaJob/Content/FollowCubeBP.uasset" SILENT=true
[2018.04.14-22.35.14:046][ 67]LogSavePackage: Save=116.67ms
[2018.04.14-22.35.14:046][ 67]LogSavePackage: Moving '../../../../../Unreal/ClaudiaJob/Saved/FollowCubeBP00230FD4406C080DFB00BAA1F889DB72.tmp' to '../../../../../Unreal/ClaudiaJob/Content/FollowCubeBP.uasset'
[2018.04.14-22.35.14:049][ 67]LogSavePackage: Display: Finished SavePackage ../../../../../Unreal/ClaudiaJob/Content/FollowCubeBP.uasset
[2018.04.14-22.35.27:181][794]BlueprintLog: New page: Compile FollowCubeBP
[2018.04.14-22.36.32:584][ 94]Cmd: OBJ SAVEPACKAGE PACKAGE="/Game/MainLevel" FILE="../../../../../Unreal/ClaudiaJob/Content/MainLevel.umap" SILENT=true AUTOSAVING=false KEEPDIRTY=false
[2018.04.14-22.36.33:073][ 94]LogSavePackage: Save=463.83ms
[2018.04.14-22.36.33:073][ 94]LogSavePackage: Moving '../../../../../Unreal/ClaudiaJob/Saved/MainLevel4697153B46FC1A83847234A11480DD74.tmp' to '../../../../../Unreal/ClaudiaJob/Content/MainLevel.umap'
[2018.04.14-22.36.33:076][ 94]LogSavePackage: Display: Finished SavePackage ../../../../../Unreal/ClaudiaJob/Content/MainLevel.umap
[2018.04.14-22.36.33:114][ 94]LogFileHelpers: Saving map 'MainLevel' took 0.589
[2018.04.14-22.36.33:127][ 94]Cmd: OBJ SAVEPACKAGE PACKAGE="/Game/FollowCubeBP" FILE="../../../../../Unreal/ClaudiaJob/Content/FollowCubeBP.uasset" SILENT=true
[2018.04.14-22.36.33:258][ 94]LogSavePackage: Save=123.89ms
[2018.04.14-22.36.33:258][ 94]LogSavePackage: Moving '../../../../../Unreal/ClaudiaJob/Saved/FollowCubeBP0EFDAA514A18076DEB3CDC9741EBA71E.tmp' to '../../../../../Unreal/ClaudiaJob/Content/FollowCubeBP.uasset'
[2018.04.14-22.36.33:261][ 94]LogSavePackage: Display: Finished SavePackage ../../../../../Unreal/ClaudiaJob/Content/FollowCubeBP.uasset
[2018.04.14-22.38.07:580][213]BlueprintLog: New page: Compile FollowCubeBP
[2018.04.14-22.38.09:801][302]Cmd: OBJ SAVEPACKAGE PACKAGE="/Game/MainLevel" FILE="../../../../../Unreal/ClaudiaJob/Content/MainLevel.umap" SILENT=true AUTOSAVING=false KEEPDIRTY=false
[2018.04.14-22.38.10:292][302]LogSavePackage: Save=465.00ms
[2018.04.14-22.38.10:292][302]LogSavePackage: Moving '../../../../../Unreal/ClaudiaJob/Saved/MainLevelC2ACECD2443DB236738194AA129F6D3A.tmp' to '../../../../../Unreal/ClaudiaJob/Content/MainLevel.umap'
[2018.04.14-22.38.10:296][302]LogSavePackage: Display: Finished SavePackage ../../../../../Unreal/ClaudiaJob/Content/MainLevel.umap
[2018.04.14-22.38.10:332][302]LogFileHelpers: Saving map 'MainLevel' took 0.590
[2018.04.14-22.38.10:345][302]Cmd: OBJ SAVEPACKAGE PACKAGE="/Game/FollowCubeBP" FILE="../../../../../Unreal/ClaudiaJob/Content/FollowCubeBP.uasset" SILENT=true
[2018.04.14-22.38.10:479][302]LogSavePackage: Save=124.77ms
[2018.04.14-22.38.10:479][302]LogSavePackage: Moving '../../../../../Unreal/ClaudiaJob/Saved/FollowCubeBP4E29D37E46FC725164C8129D31193ABD.tmp' to '../../../../../Unreal/ClaudiaJob/Content/FollowCubeBP.uasset'
[2018.04.14-22.38.10:482][302]LogSavePackage: Display: Finished SavePackage ../../../../../Unreal/ClaudiaJob/Content/FollowCubeBP.uasset
[2018.04.14-22.38.41:855][ 64]BlueprintLog: New page: Compile FollowCubeBP
[2018.04.14-22.38.42:862][ 88]Cmd: OBJ SAVEPACKAGE PACKAGE="/Game/MainLevel" FILE="../../../../../Unreal/ClaudiaJob/Content/MainLevel.umap" SILENT=true AUTOSAVING=false KEEPDIRTY=false
[2018.04.14-22.38.43:360][ 88]LogSavePackage: Save=467.19ms
[2018.04.14-22.38.43:360][ 88]LogSavePackage: Moving '../../../../../Unreal/ClaudiaJob/Saved/MainLevel70A655074B5E79B3C055E2AD7DA610EE.tmp' to '../../../../../Unreal/ClaudiaJob/Content/MainLevel.umap'
[2018.04.14-22.38.43:363][ 88]LogSavePackage: Display: Finished SavePackage ../../../../../Unreal/ClaudiaJob/Content/MainLevel.umap
[2018.04.14-22.38.43:398][ 88]LogFileHelpers: Saving map 'MainLevel' took 0.600
[2018.04.14-22.38.43:412][ 88]Cmd: OBJ SAVEPACKAGE PACKAGE="/Game/FollowCubeBP" FILE="../../../../../Unreal/ClaudiaJob/Content/FollowCubeBP.uasset" SILENT=true
[2018.04.14-22.38.43:552][ 88]LogSavePackage: Save=131.90ms
[2018.04.14-22.38.43:552][ 88]LogSavePackage: Moving '../../../../../Unreal/ClaudiaJob/Saved/FollowCubeBPB7AF12034566114EF14B4C8093CCD619.tmp' to '../../../../../Unreal/ClaudiaJob/Content/FollowCubeBP.uasset'
[2018.04.14-22.38.43:555][ 88]LogSavePackage: Display: Finished SavePackage ../../../../../Unreal/ClaudiaJob/Content/FollowCubeBP.uasset
[2018.04.14-22.38.48:319][368]LogTemp: Repeating last play command: Selected Viewport
[2018.04.14-22.38.48:382][368]LogBlueprintUserMessages: Early PlayInEditor Detection: Level '/Game/MainLevel.MainLevel:PersistentLevel' has LevelScriptBlueprint '/Game/MainLevel.MainLevel:PersistentLevel.MainLevel' with GeneratedClass '/Game/MainLevel.MainLevel_C' with ClassGeneratedBy '/Game/MainLevel.MainLevel:PersistentLevel.MainLevel'
[2018.04.14-22.38.48:422][368]LogFMOD: Creating runtime Studio System
[2018.04.14-22.38.48:423][368]LogFMOD: Default sample rate = 48000
[2018.04.14-22.38.48:423][368]LogFMOD: System sample rate = 48000
[2018.04.14-22.38.48:423][368]LogFMOD: Matching system sample rate 48000
[2018.04.14-22.38.48:432][368]LogFMOD: Loading Banks
[2018.04.14-22.38.48:472][368]LogFMOD: Error: f:\jk\workspace\1.10_UE4.18_Win64\studio_api\src\fmod_bankmodel.cpp(163) - Failed to open file '../../../../../Unreal/ClaudiaJob/Content/FMOD/Desktop/Master Bank.bank'

[2018.04.14-22.38.48:472][368]LogFMOD: Error: f:\jk\workspace\1.10_UE4.18_Win64\studio_api\src\fmod_bankmodel.cpp(163) - Failed to open file '../../../../../Unreal/ClaudiaJob/Content/FMOD/Desktop/Master Bank.strings.bank'

[2018.04.14-22.38.48:472][368]LogFMOD: Warning: Failed to bank: ../../../../../Unreal/ClaudiaJob/Content/FMOD/Desktop/Master Bank.bank (File does not exist)
[2018.04.14-22.38.48:472][368]LogFMOD: Warning: Failed to bank: ../../../../../Unreal/ClaudiaJob/Content/FMOD/Desktop/Master Bank.strings.bank (File does not exist)
[2018.04.14-22.38.48:473][368]LogPlayLevel: PlayLevel: No blueprints needed recompiling
[2018.04.14-22.38.48:473][368]PIE: New page: PIE session: MainLevel (Apr 14, 2018, 8:38:48 AM)
[2018.04.14-22.38.48:473][368]LogPlayLevel: Creating play world package: /Game/UEDPIE_0_MainLevel
[2018.04.14-22.38.48:502][368]LogPlayLevel: PIE: StaticDuplicateObject took: (0.028596s)
[2018.04.14-22.38.48:503][368]LogAIModule: Creating AISystem for world MainLevel
[2018.04.14-22.38.48:503][368]LogPlayLevel: PIE: World Init took: (0.001075s)
[2018.04.14-22.38.48:504][368]LogPlayLevel: PIE: Created PIE world by copying editor world from /Game/MainLevel.MainLevel to /Game/UEDPIE_0_MainLevel.MainLevel (0.030377s)
[2018.04.14-22.38.48:521][368]LogInit: XAudio2 using 'Speakers (2- High Definition Audio Device)' : 2 channels at 48 kHz using 16 bits per sample (channel mask 0x3)
[2018.04.14-22.38.48:525][368]LogInit: FAudioDevice initialized.
[2018.04.14-22.38.48:571][368]LogLoad: Game class is 'MainGameMode_C'
[2018.04.14-22.38.48:583][368]LogWorld: Bringing World /Game/UEDPIE_0_MainLevel.MainLevel up for play (max tick rate 60) at 2018.04.14-15.38.48
[2018.04.14-22.38.48:584][368]LogWorld: Bringing up level for play took: 0.007704
[2018.04.14-22.38.48:635][368]LogContentBrowser: Native class hierarchy updated for 'MovieSceneCapture' in 0.0005 seconds. Added 11 classes and 0 folders.
[2018.04.14-22.38.48:637][368]PIE: Play in editor start time for /Game/UEDPIE_0_MainLevel 0.312
[2018.04.14-22.38.48:637][368]LogBlueprintUserMessages: Late PlayInEditor Detection: Level '/Game/MainLevel.MainLevel:PersistentLevel' has LevelScriptBlueprint '/Game/MainLevel.MainLevel:PersistentLevel.MainLevel' with GeneratedClass '/Game/MainLevel.MainLevel_C' with ClassGeneratedBy '/Game/MainLevel.MainLevel:PersistentLevel.MainLevel'
[2018.04.14-22.38.49:134][392]LogOutputDevice: Warning: 

Script Stack:
FollowCubeBP_C.ExecuteUbergraph_FollowCubeBP
FollowCubeBP_C.ReceiveTick

[2018.04.14-22.38.49:135][392]LogWindows: Windows GetLastError: The operation completed successfully. (0)
[2018.04.14-22.38.49:734][392]LogFMOD: Warning: f:\jk\workspace\1.10_UE4.18_Win64\lowlevel_api\platforms\win\src\fmod_output_wasapi.cpp(531) - Starvation detected in WASAPI output buffer!

[2018.04.14-22.38.49:734][392]LogFMOD: Warning: f:\jk\workspace\1.10_UE4.18_Win64\lowlevel_api\platforms\win\src\fmod_output_wasapi.cpp(531) - Starvation detected in WASAPI output buffer!

[2018.04.14-22.38.49:734][392]LogFMOD: Warning: f:\jk\workspace\1.10_UE4.18_Win64\lowlevel_api\platforms\win\src\fmod_output_wasapi.cpp(531) - Starvation detected in WASAPI output buffer!

[2018.04.14-22.38.49:734][392]LogWindows: Error: === Critical error: ===
[2018.04.14-22.38.49:734][392]LogWindows: Error: 
[2018.04.14-22.38.49:734][392]LogWindows: Error: Assertion failed: (Index >= 0) & (Index < ArrayNum) [File:D:\Build\++UE4+Release-4.18+Compile\Sync\Engine\Source\Runtime\Core\Public\Containers/Array.h] [Line: 610] 
[2018.04.14-22.38.49:734][392]LogWindows: Error: Array index out of bounds: 0 from an array of size 0
[2018.04.14-22.38.49:734][392]LogWindows: Error: 
[2018.04.14-22.38.49:734][392]LogWindows: Error: 
[2018.04.14-22.38.49:734][392]LogWindows: Error: [Callstack] 0x00000000E35B4008 KERNELBASE.dll!UnknownFunction []
[2018.04.14-22.38.49:734][392]LogWindows: Error: [Callstack] 0x00000000AB1D76D4 UE4Editor-ApplicationCore.dll!UnknownFunction []
[2018.04.14-22.38.49:734][392]LogWindows: Error: [Callstack] 0x0000000091EF330B UE4Editor-Core.dll!UnknownFunction []
[2018.04.14-22.38.49:734][392]LogWindows: Error: [Callstack] 0x0000000091E847F9 UE4Editor-Core.dll!UnknownFunction []
[2018.04.14-22.38.49:734][392]LogWindows: Error: [Callstack] 0x0000000077F52B1F UE4Editor-SoundVisualizations.dll!UnknownFunction []
[2018.04.14-22.38.49:734][392]LogWindows: Error: [Callstack] 0x0000000077F54467 UE4Editor-SoundVisualizations.dll!UnknownFunction []
[2018.04.14-22.38.49:734][392]LogWindows: Error: [Callstack] 0x00000000926E5264 UE4Editor-CoreUObject.dll!UnknownFunction []
[2018.04.14-22.38.49:734][392]LogWindows: Error: [Callstack] 0x00000000928A9B74 UE4Editor-CoreUObject.dll!UnknownFunction []
[2018.04.14-22.38.49:734][392]LogWindows: Error: [Callstack] 0x00000000928BFA41 UE4Editor-CoreUObject.dll!UnknownFunction []
[2018.04.14-22.38.49:734][392]LogWindows: Error: [Callstack] 0x00000000928C1B72 UE4Editor-CoreUObject.dll!UnknownFunction []
[2018.04.14-22.38.49:734][392]LogWindows: Error: [Callstack] 0x00000000928AA57E UE4Editor-CoreUObject.dll!UnknownFunction []
[2018.04.14-22.38.49:734][392]LogWindows: Error: [Callstack] 0x00000000928C1B72 UE4Editor-CoreUObject.dll!UnknownFunction []
[2018.04.14-22.38.49:734][392]LogWindows: Error: [Callstack] 0x00000000926E5264 UE4Editor-CoreUObject.dll!UnknownFunction []
[2018.04.14-22.38.49:734][392]LogWindows: Error: [Callstack] 0x00000000928C0F66 UE4Editor-CoreUObject.dll!UnknownFunction []
[2018.04.14-22.38.49:734][392]LogWindows: Error: [Callstack] 0x000000005B2EE64B UE4Editor-Engine.dll!UnknownFunction []
[2018.04.14-22.38.49:734][392]LogWindows: Error: [Callstack] 0x000000005C4D173A UE4Editor-Engine.dll!UnknownFunction []
[2018.04.14-22.38.49:734][392]LogWindows: Error: [Callstack] 0x000000005B3105FC UE4Editor-Engine.dll!UnknownFunction []
[2018.04.14-22.38.49:734][392]LogWindows: Error: [Callstack] 0x000000005B310C39 UE4Editor-Engine.dll!UnknownFunction []
[2018.04.14-22.38.49:734][392]LogWindows: Error: [Callstack] 0x000000005B2C58B6 UE4Editor-Engine.dll!UnknownFunction []
[2018.04.14-22.38.49:734][392]LogWindows: Error: [Callstack] 0x000000005C319BDB UE4Editor-Engine.dll!UnknownFunction []
[2018.04.14-22.38.49:734][392]LogWindows: Error: [Callstack] 0x000000005C31DD0B UE4Editor-Engine.dll!UnknownFunction []
[2018.04.14-22.38.49:734][392]LogWindows: Error: [Callstack] 0x0000000091D54845 UE4Editor-Core.dll!UnknownFunction []
[2018.04.14-22.38.49:734][392]LogWindows: Error: [Callstack] 0x0000000091D54E2A UE4Editor-Core.dll!UnknownFunction []
[2018.04.14-22.38.49:734][392]LogWindows: Error: [Callstack] 0x0000000091D7589E UE4Editor-Core.dll!UnknownFunction []
[2018.04.14-22.38.49:734][392]LogWindows: Error: [Callstack] 0x000000005C337E11 UE4Editor-Engine.dll!UnknownFunction []
[2018.04.14-22.38.49:734][392]LogWindows: Error: [Callstack] 0x000000005C33C632 UE4Editor-Engine.dll!UnknownFunction []
[2018.04.14-22.38.49:734][392]LogWindows: Error: [Callstack] 0x000000005BC2D104 UE4Editor-Engine.dll!UnknownFunction []
[2018.04.14-22.38.49:734][392]LogWindows: Error: [Callstack] 0x000000005BC36448 UE4Editor-Engine.dll!UnknownFunction []
[2018.04.14-22.38.49:734][392]LogWindows: Error: [Callstack] 0x00000000794B6BA6 UE4Editor-UnrealEd.dll!UnknownFunction []
[2018.04.14-22.38.49:734][392]LogWindows: Error: [Callstack] 0x0000000079D64AC6 UE4Editor-UnrealEd.dll!UnknownFunction []
[2018.04.14-22.38.49:734][392]LogWindows: Error: [Callstack] 0x0000000085795A26 UE4Editor.exe!UnknownFunction []
[2018.04.14-22.38.49:734][392]LogWindows: Error: [Callstack] 0x00000000857A5430 UE4Editor.exe!UnknownFunction []
[2018.04.14-22.38.49:734][392]LogWindows: Error: [Callstack] 0x00000000857A54AA UE4Editor.exe!UnknownFunction []
[2018.04.14-22.38.49:734][392]LogWindows: Error: [Callstack] 0x00000000857B2379 UE4Editor.exe!UnknownFunction []
[2018.04.14-22.38.49:734][392]LogWindows: Error: [Callstack] 0x00000000857B3D57 UE4Editor.exe!UnknownFunction []
[2018.04.14-22.38.49:735][392]LogWindows: Error: [Callstack] 0x00000000E4BD1FE4 KERNEL32.DLL!UnknownFunction []
[2018.04.14-22.38.49:735][392]LogWindows: Error: [Callstack] 0x00000000E701EFC1 ntdll.dll!UnknownFunction []
[2018.04.14-22.38.49:735][392]LogWindows: Error: [Callstack] 0x00000000E701EFC1 ntdll.dll!UnknownFunction []
[2018.04.14-22.38.49:735][392]LogWindows: Error: 
[2018.04.14-22.38.49:748][392]LogExit: Executing StaticShutdownAfterError
[2018.04.14-22.38.49:752][392]LogWindows: FPlatformMisc::RequestExit(1)
[2018.04.14-22.38.49:752][392]Log file closed, 04/14/18 15:38:49
